<?xml version="1.0" encoding="UTF-8"?>
<!-- Generated by org.testng.reporters.JUnitReportReporter -->
<testsuite skipped="0" hostname="Ganesh" name="org.tditsolutions.qa.tests.UpdateAccountTest" tests="1" failures="0" timestamp="2023-01-30T18:10:23 IST" time="6.631" errors="0">
  <testcase name="Verify_Valid_Credentials" time="6.631" classname="org.tditsolutions.qa.tests.UpdateAccountTest"/>
</testsuite> <!-- org.tditsolutions.qa.tests.UpdateAccountTest -->
