<?xml version="1.0" encoding="UTF-8"?>
<!-- Generated by org.testng.reporters.JUnitReportReporter -->
<testsuite skipped="0" hostname="Ganesh" name="org.tditsolutions.qa.tests.LoginPageTest" tests="4" failures="0" timestamp="2023-01-30T18:04:04 IST" time="19.137" errors="0">
  <testcase name="verify_loginPage_Header" time="3.441" classname="org.tditsolutions.qa.tests.LoginPageTest"/>
  <testcase name="verify_Correct_Login" time="7.644" classname="org.tditsolutions.qa.tests.LoginPageTest"/>
  <testcase name="Verify_With_Blank" time="3.903" classname="org.tditsolutions.qa.tests.LoginPageTest"/>
  <testcase name="verify_Incorrect_Login" time="4.149" classname="org.tditsolutions.qa.tests.LoginPageTest"/>
</testsuite> <!-- org.tditsolutions.qa.tests.LoginPageTest -->
