<?xml version="1.0" encoding="UTF-8"?>
<!-- Generated by org.testng.reporters.JUnitReportReporter -->
<testsuite skipped="0" hostname="Ganesh" name="org.tditsolutions.qa.tests.HomePageTest" tests="1" failures="0" timestamp="2023-01-30T18:04:04 IST" time="7.151" errors="0">
  <testcase name="verify_Sidebar_Headers" time="7.151" classname="org.tditsolutions.qa.tests.HomePageTest"/>
</testsuite> <!-- org.tditsolutions.qa.tests.HomePageTest -->
